<?xml version="1.0" encoding="UTF-8"?>
<!-- Generated by org.testng.reporters.JUnitXMLReporter -->
<testsuite hostname="Cyborg-Genisys" failures="0" tests="2" name="Validating Navigation bar in home page" time="48.721" errors="0" timestamp="13 Jun 2021 14:53:11 GMT">
  <testcase classname="CucumberOptions.TestRunner" name="runScenario" time="24.608"/>
  <testcase classname="CucumberOptions.TestRunner" name="runScenario" time="23.623"/>
</testsuite> <!-- Validating Navigation bar in home page -->
