<?xml version="1.0" encoding="UTF-8"?>
<!-- Generated by org.testng.reporters.JUnitXMLReporter -->
<testsuite hostname="Cyborg-Genisys" failures="1" tests="1" name="Validating Title in home page" time="39.267" errors="0" timestamp="8 Jun 2021 14:35:42 GMT">
  <testcase classname="Cyborgenisys.E2EProject.ValidateTile" name="homePageTile" time="0.404">
    <failure type="java.lang.AssertionError" message="Title not same expected [FEATURED COURSES1] but found [FEATURED COURSES]">
      <![CDATA[java.lang.AssertionError: Title not same expected [FEATURED COURSES1] but found [FEATURED COURSES]
	at Cyborgenisys.E2EProject.ValidateTile.homePageTile(ValidateTile.java:45)
	at java.base/java.util.concurrent.FutureTask.run(FutureTask.java:264)
	at java.base/java.util.concurrent.ThreadPoolExecutor.runWorker(ThreadPoolExecutor.java:1130)
	at java.base/java.util.concurrent.ThreadPoolExecutor$Worker.run(ThreadPoolExecutor.java:630)
	at java.base/java.lang.Thread.run(Thread.java:832)
... Removed 20 stack frames]]>
    </failure>
  </testcase> <!-- homePageTile -->
</testsuite> <!-- Validating Title in home page -->
