<?xml version="1.0" encoding="UTF-8"?>
<!-- Generated by org.testng.reporters.JUnitXMLReporter -->
<testsuite hostname="Cyborg-Genisys" name="Validating Navigation bar in home page" tests="2" failures="0" timestamp="13 Jun 2021 15:01:48 GMT" time="77.367" errors="0">
  <testcase name="runScenario" time="43.73" classname="CucumberOptions.TestRunner"/>
  <testcase name="runScenario" time="32.538" classname="CucumberOptions.TestRunner"/>
</testsuite> <!-- Validating Navigation bar in home page -->
