<?xml version="1.0" encoding="UTF-8"?>
<testng-results skipped="0" failed="0" total="2" passed="2">
  <reporter-output>
  </reporter-output>
  <suite name="Suite" duration-ms="77367" started-at="2021-06-13T15:00:30Z" finished-at="2021-06-13T15:01:47Z">
    <groups>
      <group name="cucumber">
        <method signature="AbstractTestNGCucumberTests.runScenario(io.cucumber.testng.PickleWrapper, io.cucumber.testng.FeatureWrapper)[pri:0, instance:CucumberOptions.TestRunner@3c947bc5]" name="runScenario" class="io.cucumber.testng.AbstractTestNGCucumberTests"/>
      </group> <!-- cucumber -->
    </groups>
    <test name="Validating Navigation bar in home page" duration-ms="77367" started-at="2021-06-13T15:00:30Z" finished-at="2021-06-13T15:01:47Z">
      <class name="CucumberOptions.TestRunner">
        <test-method status="PASS" signature="setUpClass()[pri:0, instance:CucumberOptions.TestRunner@3c947bc5]" name="setUpClass" is-config="true" duration-ms="599" started-at="2021-06-13T20:00:30Z" finished-at="2021-06-13T20:00:30Z">
          <reporter-output>
          </reporter-output>
        </test-method> <!-- setUpClass -->
        <test-method status="PASS" signature="runScenario(io.cucumber.testng.PickleWrapper, io.cucumber.testng.FeatureWrapper)[pri:0, instance:CucumberOptions.TestRunner@3c947bc5]" name="runScenario" duration-ms="43730" started-at="2021-06-13T20:00:30Z" description="Runs Cucumber Scenarios" data-provider="scenarios" finished-at="2021-06-13T20:01:14Z">
          <params>
            <param index="0">
              <value>
                <![CDATA["Positive test validating login"]]>
              </value>
            </param>
            <param index="1">
              <value>
                <![CDATA["Optional[Login into Apllication]"]]>
              </value>
            </param>
          </params>
          <reporter-output>
          </reporter-output>
        </test-method> <!-- runScenario -->
        <test-method status="PASS" signature="runScenario(io.cucumber.testng.PickleWrapper, io.cucumber.testng.FeatureWrapper)[pri:0, instance:CucumberOptions.TestRunner@3c947bc5]" name="runScenario" duration-ms="32538" started-at="2021-06-13T20:01:14Z" description="Runs Cucumber Scenarios" data-provider="scenarios" finished-at="2021-06-13T20:01:47Z">
          <params>
            <param index="0">
              <value>
                <![CDATA["Positive test validating login"]]>
              </value>
            </param>
            <param index="1">
              <value>
                <![CDATA["Optional[Login into Apllication]"]]>
              </value>
            </param>
          </params>
          <reporter-output>
          </reporter-output>
        </test-method> <!-- runScenario -->
        <test-method status="PASS" signature="tearDownClass()[pri:0, instance:CucumberOptions.TestRunner@3c947bc5]" name="tearDownClass" is-config="true" duration-ms="311" started-at="2021-06-13T20:01:47Z" finished-at="2021-06-13T20:01:47Z">
          <reporter-output>
          </reporter-output>
        </test-method> <!-- tearDownClass -->
      </class> <!-- CucumberOptions.TestRunner -->
    </test> <!-- Validating Navigation bar in home page -->
  </suite> <!-- Suite -->
</testng-results>
